Log started at 01/09/2024 18:14:57 (2024-01-09T10:14:57Z)
Adding event matcher: CompileEventMatcher
Adding event matcher: LinkEventMatcher
Adding event matcher: MicrosoftEventMatcher
Adding event matcher: XoreaxEventMatcher
No config file at C:\Users\Admin\Documents\Unreal Engine\UnrealBuildTool\BuildConfiguration.xml
Configuration will be read from:
  C:\Users\Admin\AppData\Roaming\Unreal Engine\UnrealBuildTool\BuildConfiguration.xml
Log file: D:\TacticalVRCoreExample-main\Saved\Logs\UnrealVersionSelector-2024.01.09-18.14.56.log

    Registering build platform: UnrealBuildTool.AndroidPlatformFactory
Note: Android toolchain NDK r25b recommended
        Registering build platform: Android - buildable: True
    Registering build platform: UnrealBuildTool.IOSPlatformFactory
        Registering build platform: IOS - buildable: False
    Registering build platform: UnrealBuildTool.LinuxPlatformFactory
        Registering build platform: Linux - buildable: False
        Registering build platform: LinuxArm64 - buildable: False
    Registering build platform: UnrealBuildTool.MacPlatformFactory
    Registering build platform: UnrealBuildTool.TVOSPlatformFactory
    Registering build platform: UnrealBuildTool.WindowsPlatformFactory
Found Windows 10 SDK root at C:\Program Files (x86)\Windows Kits\10 (1)
Found Windows 10 SDK root at C:\Program Files (x86)\Windows Kits\10 (2)
Found Windows 10 SDK version 10.0.19041.0 at C:\Program Files (x86)\Windows Kits\10
Found Universal CRT version 10.0.19041.0 at C:\Program Files (x86)\Windows Kits\10
Found Windows 10 SDK version 10.0.22621.0 at C:\Program Files (x86)\Windows Kits\10
Found Universal CRT version 10.0.22621.0 at C:\Program Files (x86)\Windows Kits\10
Win64 Installed SDK(s): MinVersion_Sdk=10.0.00000.0, MaxVersion_Sdk=10.9.99999.0, CurrentVersion_Sdk=10.0.22621.0, Version_AutoSdk=10.0.18362.0, CurrentVersion_AutoSdk=
        Registering build platform: Win64 - buildable: True
    Registering build platform: UnrealBuildTool.HoloLensPlatformFactory
Log file: C:\Users\Admin\AppData\Local\UnrealBuildTool\Log_GPF.txt
Deleting old log file: C:\Users\Admin\AppData\Local\UnrealBuildTool\Log_GPF-backup-2022.10.06-03.21.30.txt
Resolved project argument D:/TacticalVRCoreExample-main/TacticalVRTemplate.uproject to D:\TacticalVRCoreExample-main\TacticalVRTemplate.uproject
Registering project generator UnrealBuildTool.AndroidProjectGenerator for Android
Registering project generator UnrealBuildTool.IOSProjectGenerator for IOS
Registering project generator UnrealBuildTool.LinuxProjectGenerator for Linux
Registering project generator UnrealBuildTool.LinuxProjectGenerator for LinuxArm64
Registering project generator UnrealBuildTool.MacProjectGenerator for Mac
Skipping project file generator registration for Mac due to no valid BuildPlatform.
Registering project generator UnrealBuildTool.TVOSProjectGenerator for TVOS
Skipping project file generator registration for TVOS due to no valid BuildPlatform.
Registering project generator UnrealBuildTool.WindowsProjectGenerator for Win64
Registering project generator UnrealBuildTool.HoloLensProjectGenerator for HoloLens
Skipping project file generator registration for HoloLens due to no valid BuildPlatform.

---   SDK INFO START   ---

Some Platforms were skipped due to invalid SDK setup: IOS, Android, Linux, LinuxArm64.
See the log file for detailed information

---   SDK INFO END   ---

Discovering modules, targets and source code for project...
Found Visual Studio installation: C:\Program Files\Microsoft Visual Studio\2022\Community (Product=Microsoft.VisualStudio.Product.Community, Version=17.3.32901.215)
Found Visual Studio toolchain: C:\Program Files\Microsoft Visual Studio\2022\Community\VC\Tools\MSVC\14.33.31629 (Family=14.33.31629, FamilyRank=1, Version=14.33.31630, Is64Bit=True, Preview=False, Architecture=x64, Error=False, Redist=C:\Program Files\Microsoft Visual Studio\2022\Community\VC\Redist\MSVC\14.32.31326)
Detected supported platforms: Win64, IOS, Android, Linux, LinuxArm64
Ignoring unknown platform 'Win32' (referenced via a project's plugin descriptor for 'OpenXR')
Ignoring unknown platform 'Win32' (referenced via a project's plugin descriptor for 'OculusOpenXR')
Ignoring unknown platform 'Win32' (referenced via a project's plugin descriptor for 'HPMotionController')
Creating project rules assembly for D:\TacticalVRCoreExample-main\TacticalVRTemplate.uproject...
Skipping D:\UE_5.1\Engine\Intermediate\Build\BuildRules\UE5Rules.dll: File is installed
Skipping D:\UE_5.1\Engine\Intermediate\Build\BuildRules\UE5ProgramRules.dll: File is installed
 Found 4 Plugins:
  D:\TacticalVRCoreExample-main\Plugins\TacticalVRCore\TacticalVRCore.uplugin
  D:\TacticalVRCoreExample-main\Plugins\VRExpansion\OpenVRExpansionPlugin\OpenVRExpansionPlugin.uplugin
  D:\TacticalVRCoreExample-main\Plugins\VRExpansion\OpenXRExpansionPlugin\OpenXRExpansionPlugin.uplugin
  D:\TacticalVRCoreExample-main\Plugins\VRExpansion\VRExpansionPlugin\VRExpansionPlugin.uplugin
 Found 8 Modules:
  D:\TacticalVRCoreExample-main\Source\TacticalVRTemplate\TacticalVRTemplate.Build.cs
  D:\TacticalVRCoreExample-main\Plugins\TacticalVRCore\Source\TacticalVRCoreEditor\TacticalVRCoreEditor.Build.cs
  D:\TacticalVRCoreExample-main\Plugins\TacticalVRCore\Source\TacticalVRCore\TacticalVRCore.Build.cs
  D:\TacticalVRCoreExample-main\Plugins\VRExpansion\OpenVRExpansionPlugin\Source\OpenVRExpansionPlugin\OpenVRExpansionPlugin.Build.cs
  D:\TacticalVRCoreExample-main\Plugins\VRExpansion\OpenXRExpansionPlugin\Source\OpenXRExpansionEditor\OpenXRExpansionEditor.Build.cs
  D:\TacticalVRCoreExample-main\Plugins\VRExpansion\OpenXRExpansionPlugin\Source\OpenXRExpansionPlugin\OpenXRExpansionPlugin.Build.cs
  D:\TacticalVRCoreExample-main\Plugins\VRExpansion\VRExpansionPlugin\Source\VRExpansionEditor\VRExpansionEditor.Build.cs
  D:\TacticalVRCoreExample-main\Plugins\VRExpansion\VRExpansionPlugin\Source\VRExpansionPlugin\VRExpansionPlugin.Build.cs
Compiling D:\TacticalVRCoreExample-main\Intermediate\Build\BuildRules\TacticalVRTemplateModuleRules.dll: Engine Version changed from 4.27.2 to 5.1.1
D:\TacticalVRCoreExample-main\Plugins\VRExpansion\OpenVRExpansionPlugin\Source\OpenVRExpansionPlugin\OpenVRExpansionPlugin.Build.cs(49,53): error CS0117: 'UnrealTargetPlatform' does not contain a definition for 'Win32'
D:\TacticalVRCoreExample-main\Plugins\VRExpansion\VRExpansionPlugin\Source\VRExpansionPlugin\VRExpansionPlugin.Build.cs(78,13): warning CS0618: 'ReadOnlyTargetRules.bCompilePhysX' is obsolete: 'Deprecated in UE5.1 - No longer used as Chaos is always enabled.'
D:\TacticalVRCoreExample-main\Plugins\VRExpansion\VRExpansionPlugin\Source\VRExpansionPlugin\VRExpansionPlugin.Build.cs(83,12): warning CS0618: 'ReadOnlyTargetRules.bUseChaos' is obsolete: 'Deprecated in UE5.1 - No longer used as Chaos is always enabled.'
D:\TacticalVRCoreExample-main\Plugins\VRExpansion\VRExpansionPlugin\Source\VRExpansionPlugin\VRExpansionPlugin.Build.cs(111,13): warning CS0618: 'ReadOnlyTargetRules.bCompilePhysX' is obsolete: 'Deprecated in UE5.1 - No longer used as Chaos is always enabled.'
D:\TacticalVRCoreExample-main\Plugins\VRExpansion\VRExpansionPlugin\Source\VRExpansionPlugin\VRExpansionPlugin.Build.cs(116,13): warning CS0618: 'ReadOnlyTargetRules.bUseChaos' is obsolete: 'Deprecated in UE5.1 - No longer used as Chaos is always enabled.'
Expecting to find a type to be declared in a target rules named 'TacticalVRTemplateTarget'.  This type must derive from the 'TargetRules' type defined by Unreal Build Tool.
BuildException: Expecting to find a type to be declared in a target rules named 'TacticalVRTemplateTarget'.  This type must derive from the 'TargetRules' type defined by Unreal Build Tool.
   at UnrealBuildTool.RulesAssembly.CreateTargetRules(String TargetName, UnrealTargetPlatform Platform, UnrealTargetConfiguration Configuration, String Architecture, FileReference ProjectFile, CommandLineArguments Arguments, ILogger Logger, Boolean IsTestTarget) in D:\UE_5.1\Engine\Source\Programs\UnrealBuildTool\System\RulesAssembly.cs:line 738
   at UnrealBuildTool.ProjectFileGenerator.AddProjectsForAllTargets(PlatformProjectGeneratorCollection PlatformProjectGenerators, List`1 AllGames, List`1 AllTargetFiles, String[] Arguments, ProjectFile& EngineProject, List`1 GameProjects, Dictionary`2 ProgramProjects, Dictionary`2 RulesAssemblies, ILogger Logger) in D:\UE_5.1\Engine\Source\Programs\UnrealBuildTool\ProjectFiles\ProjectFileGenerator.cs:line 2406
   at UnrealBuildTool.ProjectFileGenerator.GenerateProjectFiles(PlatformProjectGeneratorCollection PlatformProjectGenerators, String[] Arguments, ILogger Logger) in D:\UE_5.1\Engine\Source\Programs\UnrealBuildTool\ProjectFiles\ProjectFileGenerator.cs:line 898
   at UnrealBuildTool.GenerateProjectFilesMode.Execute(CommandLineArguments Arguments, ILogger Logger) in D:\UE_5.1\Engine\Source\Programs\UnrealBuildTool\Modes\GenerateProjectFilesMode.cs:line 233
   at UnrealBuildTool.UnrealBuildTool.Main(String[] ArgumentsArray) in D:\UE_5.1\Engine\Source\Programs\UnrealBuildTool\UnrealBuildTool.cs:line 648
WriteFileIfChanged() wrote 0 changed files of 0 requested writes.
Timeline:

[ 0.000]
[ 0.000](+8.452) <unknown>
[ 8.452]
